android/app/build/intermediates/manifest_merge_blame_file/debug/manifest-merger-blame-debug-report.txt
1<?xml version="1.0" encoding="utf-8"?>
2<manifest xmlns:android="http://schemas.android.com/apk/res/android"
3    package="com.udia.customers"
4    android:versionCode="1"
5    android:versionName="1.0" >
6
7    <uses-sdk
8        android:minSdkVersion="21"
9        android:targetSdkVersion="34" />
10
11    <uses-permission android:name="android.permission.INTERNET" />
11-->src/main/AndroidManifest.xml:3:5-67
11-->src/main/AndroidManifest.xml:3:22-64
12    <uses-permission android:name="android.permission.RECEIVE_BOOT_COMPLETED" />
12-->src/main/AndroidManifest.xml:4:5-80
12-->src/main/AndroidManifest.xml:4:22-78
13    <uses-permission android:name="android.permission.ACCESS_FINE_LOCATION" />
13-->src/main/AndroidManifest.xml:5:5-79
13-->src/main/AndroidManifest.xml:5:22-76
14    <uses-permission android:name="android.permission.SYSTEM_ALERT_WINDOW" />
14-->src/main/AndroidManifest.xml:6:5-77
14-->src/main/AndroidManifest.xml:6:22-75
15    <uses-permission android:name="android.permission.CAMERA" />
15-->src/main/AndroidManifest.xml:7:5-65
15-->src/main/AndroidManifest.xml:7:22-62
16    <uses-permission android:name="android.permission.VIBRATE" />
16-->src/main/AndroidManifest.xml:8:5-66
16-->src/main/AndroidManifest.xml:8:22-63
17    <uses-permission android:name="android.permission.READ_EXTERNAL_STORAGE" />
17-->src/main/AndroidManifest.xml:9:5-80
17-->src/main/AndroidManifest.xml:9:22-77
18    <uses-permission android:name="android.permission.WRITE_EXTERNAL_STORAGE" />
18-->src/main/AndroidManifest.xml:10:5-81
18-->src/main/AndroidManifest.xml:10:22-78
19    <uses-permission android:name="android.permission.WAKE_LOCK" />
19-->src/main/AndroidManifest.xml:11:5-67
19-->src/main/AndroidManifest.xml:11:22-65
20    <uses-permission android:name="android.permission.FOREGROUND_SERVICE" />
20-->src/main/AndroidManifest.xml:12:5-76
20-->src/main/AndroidManifest.xml:12:22-74
21    <uses-permission android:name="android.permission.ACCESS_NETWORK_STATE" />
21-->src/main/AndroidManifest.xml:13:5-78
21-->src/main/AndroidManifest.xml:13:22-76
22    <uses-permission android:name="android.permission.ACCESS_WIFI_STATE" /> <!-- Required to access Google Play Licensing -->
22-->[:react-native-community_netinfo] AndroidManifest.xml:8:5-76
22-->[:react-native-community_netinfo] AndroidManifest.xml:8:22-73
23    <uses-permission android:name="com.android.vending.CHECK_LICENSE" /> <!-- See https://developer.android.com/training/package-visibility/declaring for more details. -->
23-->[:rn-fetch-blob] AndroidManifest.xml:8:5-73
23-->[:rn-fetch-blob] AndroidManifest.xml:8:22-70
24    <queries>
24-->[com.stripe:financial-connections:20.44.2] AndroidManifest.xml:10:5-18:15
25
26        <!-- Added to check the default browser that will host the AuthFlow. -->
27        <intent>
27-->[com.stripe:financial-connections:20.44.2] AndroidManifest.xml:13:9-17:18
28            <action android:name="android.intent.action.VIEW" />
28-->[com.stripe:financial-connections:20.44.2] AndroidManifest.xml:14:13-65
28-->[com.stripe:financial-connections:20.44.2] AndroidManifest.xml:14:21-62
29
30            <data android:scheme="http" />
30-->[com.stripe:financial-connections:20.44.2] AndroidManifest.xml:16:13-43
30-->[com.stripe:financial-connections:20.44.2] AndroidManifest.xml:16:19-40
31        </intent>
32        <!-- Added to check if Chrome is installed for browser-based payment authentication (e.g. 3DS1). -->
33        <package android:name="com.android.chrome" />
33-->[com.stripe:payments-core:20.44.2] AndroidManifest.xml:11:9-54
33-->[com.stripe:payments-core:20.44.2] AndroidManifest.xml:11:18-51
34
35        <intent>
35-->[com.razorpay:standard-core:1.6.40] AndroidManifest.xml:11:9-17:18
36            <action android:name="android.intent.action.VIEW" />
36-->[com.stripe:financial-connections:20.44.2] AndroidManifest.xml:14:13-65
36-->[com.stripe:financial-connections:20.44.2] AndroidManifest.xml:14:21-62
37
38            <data
38-->[com.stripe:financial-connections:20.44.2] AndroidManifest.xml:16:13-43
39                android:mimeType="*/*"
40                android:scheme="*" />
40-->[com.stripe:financial-connections:20.44.2] AndroidManifest.xml:16:19-40
41        </intent>
42        <intent>
42-->[com.razorpay:standard-core:1.6.40] AndroidManifest.xml:18:9-27:18
43            <action android:name="android.intent.action.VIEW" />
43-->[com.stripe:financial-connections:20.44.2] AndroidManifest.xml:14:13-65
43-->[com.stripe:financial-connections:20.44.2] AndroidManifest.xml:14:21-62
44
45            <category android:name="android.intent.category.BROWSABLE" />
45-->[com.stripe:financial-connections:20.44.2] AndroidManifest.xml:29:17-78
45-->[com.stripe:financial-connections:20.44.2] AndroidManifest.xml:29:27-75
46
47            <data
47-->[com.stripe:financial-connections:20.44.2] AndroidManifest.xml:16:13-43
48                android:host="pay"
49                android:mimeType="*/*"
50                android:scheme="upi" />
50-->[com.stripe:financial-connections:20.44.2] AndroidManifest.xml:16:19-40
51        </intent>
52        <intent>
52-->[com.razorpay:standard-core:1.6.40] AndroidManifest.xml:28:9-30:18
53            <action android:name="android.intent.action.MAIN" />
53-->src/main/AndroidManifest.xml:60:13-65
53-->src/main/AndroidManifest.xml:60:21-62
54        </intent>
55        <intent>
55-->[com.razorpay:standard-core:1.6.40] AndroidManifest.xml:31:9-35:18
56            <action android:name="android.intent.action.SEND" />
56-->[com.razorpay:standard-core:1.6.40] AndroidManifest.xml:32:13-65
56-->[com.razorpay:standard-core:1.6.40] AndroidManifest.xml:32:21-62
57
58            <data android:mimeType="*/*" />
58-->[com.stripe:financial-connections:20.44.2] AndroidManifest.xml:16:13-43
59        </intent>
60        <intent>
60-->[com.razorpay:standard-core:1.6.40] AndroidManifest.xml:36:9-38:18
61            <action android:name="rzp.device_token.share" />
61-->[com.razorpay:standard-core:1.6.40] AndroidManifest.xml:37:13-61
61-->[com.razorpay:standard-core:1.6.40] AndroidManifest.xml:37:21-58
62        </intent> <!-- Needs to be explicitly declared on Android R+ -->
63        <package android:name="com.google.android.apps.maps" />
63-->[com.google.android.gms:play-services-maps:18.2.0] AndroidManifest.xml:33:9-64
63-->[com.google.android.gms:play-services-maps:18.2.0] AndroidManifest.xml:33:18-61
64    </queries>
65
66    <uses-permission android:name="android.permission.POST_NOTIFICATIONS" /> <!-- Required by older versions of Google Play services to create IID tokens -->
66-->[com.google.firebase:firebase-messaging:24.0.0] AndroidManifest.xml:23:5-77
66-->[com.google.firebase:firebase-messaging:24.0.0] AndroidManifest.xml:23:22-74
67    <uses-permission android:name="com.google.android.c2dm.permission.RECEIVE" />
67-->[com.google.firebase:firebase-messaging:24.0.0] AndroidManifest.xml:26:5-82
67-->[com.google.firebase:firebase-messaging:24.0.0] AndroidManifest.xml:26:22-79
68    <uses-permission android:name="com.google.android.gms.permission.AD_ID" />
68-->[com.google.android.gms:play-services-measurement-api:22.0.1] AndroidManifest.xml:25:5-79
68-->[com.google.android.gms:play-services-measurement-api:22.0.1] AndroidManifest.xml:25:22-76
69    <uses-permission android:name="android.permission.ACCESS_ADSERVICES_ATTRIBUTION" />
69-->[com.google.android.gms:play-services-measurement-api:22.0.1] AndroidManifest.xml:26:5-88
69-->[com.google.android.gms:play-services-measurement-api:22.0.1] AndroidManifest.xml:26:22-85
70    <uses-permission android:name="android.permission.ACCESS_ADSERVICES_AD_ID" />
70-->[com.google.android.gms:play-services-measurement-api:22.0.1] AndroidManifest.xml:27:5-82
70-->[com.google.android.gms:play-services-measurement-api:22.0.1] AndroidManifest.xml:27:22-79
71
72    <uses-feature
72-->[com.google.android.gms:play-services-maps:18.2.0] AndroidManifest.xml:26:5-28:35
73        android:glEsVersion="0x00020000"
73-->[com.google.android.gms:play-services-maps:18.2.0] AndroidManifest.xml:27:9-41
74        android:required="true" />
74-->[com.google.android.gms:play-services-maps:18.2.0] AndroidManifest.xml:28:9-32
75
76    <uses-permission android:name="com.google.android.finsky.permission.BIND_GET_INSTALL_REFERRER_SERVICE" />
76-->[com.google.android.gms:play-services-measurement:22.0.1] AndroidManifest.xml:26:5-110
76-->[com.google.android.gms:play-services-measurement:22.0.1] AndroidManifest.xml:26:22-107
77
78    <permission
78-->[androidx.core:core:1.12.0] AndroidManifest.xml:22:5-24:47
79        android:name="com.udia.customers.DYNAMIC_RECEIVER_NOT_EXPORTED_PERMISSION"
79-->[androidx.core:core:1.12.0] AndroidManifest.xml:23:9-81
80        android:protectionLevel="signature" />
80-->[androidx.core:core:1.12.0] AndroidManifest.xml:24:9-44
81
82    <uses-permission android:name="com.udia.customers.DYNAMIC_RECEIVER_NOT_EXPORTED_PERMISSION" />
82-->[androidx.core:core:1.12.0] AndroidManifest.xml:26:5-97
82-->[androidx.core:core:1.12.0] AndroidManifest.xml:26:22-94
83    <uses-permission android:name="android.permission.USE_FULL_SCREEN_INTENT" />
83-->[app.notifee:core:202108261754] AndroidManifest.xml:16:5-81
83-->[app.notifee:core:202108261754] AndroidManifest.xml:16:22-78
84    <uses-permission android:name="android.permission.SCHEDULE_EXACT_ALARM" />
84-->[app.notifee:core:202108261754] AndroidManifest.xml:17:5-79
84-->[app.notifee:core:202108261754] AndroidManifest.xml:17:22-76
85    <uses-permission
85-->[app.notifee:core:202108261754] AndroidManifest.xml:18:5-20:38
86        android:name="android.permission.BROADCAST_CLOSE_SYSTEM_DIALOGS"
86-->[app.notifee:core:202108261754] AndroidManifest.xml:19:9-73
87        android:maxSdkVersion="30" /> <!-- For Xiaomi devices to enable heads-up notifications as default (https://github.com/invertase/notifee/issues/296) -->
87-->[app.notifee:core:202108261754] AndroidManifest.xml:20:9-35
88    <uses-permission
88-->[app.notifee:core:202108261754] AndroidManifest.xml:22:5-24:38
89        android:name="android.permission.ACCESS_NOTIFICATION_POLICY"
89-->[app.notifee:core:202108261754] AndroidManifest.xml:23:9-69
90        android:minSdkVersion="23" /> <!-- for android -->
90-->[app.notifee:core:202108261754] AndroidManifest.xml:24:9-35
91    <!-- <uses-permission android:name="com.android.launcher.permission.READ_SETTINGS"/> -->
92    <!-- <uses-permission android:name="com.android.launcher.permission.WRITE_SETTINGS"/> -->
93    <!-- <uses-permission android:name="com.android.launcher.permission.INSTALL_SHORTCUT" /> -->
94    <!-- <uses-permission android:name="com.android.launcher.permission.UNINSTALL_SHORTCUT" /> -->
95    <!-- for Samsung -->
96    <uses-permission android:name="com.sec.android.provider.badge.permission.READ" />
96-->[me.leolin:ShortcutBadger:1.1.22] AndroidManifest.xml:19:5-86
96-->[me.leolin:ShortcutBadger:1.1.22] AndroidManifest.xml:19:22-83
97    <uses-permission android:name="com.sec.android.provider.badge.permission.WRITE" /> <!-- for htc -->
97-->[me.leolin:ShortcutBadger:1.1.22] AndroidManifest.xml:20:5-87
97-->[me.leolin:ShortcutBadger:1.1.22] AndroidManifest.xml:20:22-84
98    <uses-permission android:name="com.htc.launcher.permission.READ_SETTINGS" />
98-->[me.leolin:ShortcutBadger:1.1.22] AndroidManifest.xml:23:5-81
98-->[me.leolin:ShortcutBadger:1.1.22] AndroidManifest.xml:23:22-78
99    <uses-permission android:name="com.htc.launcher.permission.UPDATE_SHORTCUT" /> <!-- for sony -->
99-->[me.leolin:ShortcutBadger:1.1.22] AndroidManifest.xml:24:5-83
99-->[me.leolin:ShortcutBadger:1.1.22] AndroidManifest.xml:24:22-80
100    <uses-permission android:name="com.sonyericsson.home.permission.BROADCAST_BADGE" />
100-->[me.leolin:ShortcutBadger:1.1.22] AndroidManifest.xml:27:5-88
100-->[me.leolin:ShortcutBadger:1.1.22] AndroidManifest.xml:27:22-85
101    <uses-permission android:name="com.sonymobile.home.permission.PROVIDER_INSERT_BADGE" /> <!-- for apex -->
101-->[me.leolin:ShortcutBadger:1.1.22] AndroidManifest.xml:28:5-92
101-->[me.leolin:ShortcutBadger:1.1.22] AndroidManifest.xml:28:22-89
102    <uses-permission android:name="com.anddoes.launcher.permission.UPDATE_COUNT" /> <!-- for solid -->
102-->[me.leolin:ShortcutBadger:1.1.22] AndroidManifest.xml:31:5-84
102-->[me.leolin:ShortcutBadger:1.1.22] AndroidManifest.xml:31:22-81
103    <uses-permission android:name="com.majeur.launcher.permission.UPDATE_BADGE" /> <!-- for huawei -->
103-->[me.leolin:ShortcutBadger:1.1.22] AndroidManifest.xml:34:5-83
103-->[me.leolin:ShortcutBadger:1.1.22] AndroidManifest.xml:34:22-80
104    <uses-permission android:name="com.huawei.android.launcher.permission.CHANGE_BADGE" />
104-->[me.leolin:ShortcutBadger:1.1.22] AndroidManifest.xml:37:5-91
104-->[me.leolin:ShortcutBadger:1.1.22] AndroidManifest.xml:37:22-88
105    <uses-permission android:name="com.huawei.android.launcher.permission.READ_SETTINGS" />
105-->[me.leolin:ShortcutBadger:1.1.22] AndroidManifest.xml:38:5-92
105-->[me.leolin:ShortcutBadger:1.1.22] AndroidManifest.xml:38:22-89
106    <uses-permission android:name="com.huawei.android.launcher.permission.WRITE_SETTINGS" /> <!-- for ZUK -->
106-->[me.leolin:ShortcutBadger:1.1.22] AndroidManifest.xml:39:5-93
106-->[me.leolin:ShortcutBadger:1.1.22] AndroidManifest.xml:39:22-90
107    <uses-permission android:name="android.permission.READ_APP_BADGE" /> <!-- for OPPO -->
107-->[me.leolin:ShortcutBadger:1.1.22] AndroidManifest.xml:42:5-73
107-->[me.leolin:ShortcutBadger:1.1.22] AndroidManifest.xml:42:22-70
108    <uses-permission android:name="com.oppo.launcher.permission.READ_SETTINGS" />
108-->[me.leolin:ShortcutBadger:1.1.22] AndroidManifest.xml:45:5-82
108-->[me.leolin:ShortcutBadger:1.1.22] AndroidManifest.xml:45:22-79
109    <uses-permission android:name="com.oppo.launcher.permission.WRITE_SETTINGS" /> <!-- for EvMe -->
109-->[me.leolin:ShortcutBadger:1.1.22] AndroidManifest.xml:46:5-83
109-->[me.leolin:ShortcutBadger:1.1.22] AndroidManifest.xml:46:22-80
110    <uses-permission android:name="me.everything.badger.permission.BADGE_COUNT_READ" />
110-->[me.leolin:ShortcutBadger:1.1.22] AndroidManifest.xml:49:5-88
110-->[me.leolin:ShortcutBadger:1.1.22] AndroidManifest.xml:49:22-85
111    <uses-permission android:name="me.everything.badger.permission.BADGE_COUNT_WRITE" />
111-->[me.leolin:ShortcutBadger:1.1.22] AndroidManifest.xml:50:5-89
111-->[me.leolin:ShortcutBadger:1.1.22] AndroidManifest.xml:50:22-86
112
113    <application
113-->src/main/AndroidManifest.xml:15:5-64:19
114        android:name="com.udia.customers.MainApplication"
114-->src/main/AndroidManifest.xml:16:7-38
115        android:allowBackup="false"
115-->src/main/AndroidManifest.xml:20:7-34
116        android:appComponentFactory="androidx.core.app.CoreComponentFactory"
116-->[androidx.core:core:1.12.0] AndroidManifest.xml:28:18-86
117        android:debuggable="true"
118        android:extractNativeLibs="true"
119        android:hardwareAccelerated="true"
119-->src/main/AndroidManifest.xml:24:7-41
120        android:icon="@mipmap/ic_launcher"
120-->src/main/AndroidManifest.xml:18:7-41
121        android:label="@string/app_name"
121-->src/main/AndroidManifest.xml:17:7-39
122        android:networkSecurityConfig="@xml/network_security_config"
122-->src/main/AndroidManifest.xml:22:7-67
123        android:roundIcon="@mipmap/ic_launcher_round"
123-->src/main/AndroidManifest.xml:19:7-52
124        android:testOnly="true"
125        android:theme="@style/AppTheme"
125-->src/main/AndroidManifest.xml:21:7-38
126        android:usesCleartextTraffic="true" > <!-- Change the value to true to enable pop-up for in foreground on receiving remote notifications (for prevent duplicating while showing local notifications set this to false) -->
126-->src/main/AndroidManifest.xml:23:7-42
127        <meta-data
127-->src/main/AndroidManifest.xml:26:9-27:44
128            android:name="com.dieam.reactnativepushnotification.notification_foreground"
128-->src/main/AndroidManifest.xml:26:21-97
129            android:value="false" /> <!-- Change the resource name to your App's accent color - or any other color you want -->
129-->src/main/AndroidManifest.xml:27:21-42
130        <meta-data
130-->src/main/AndroidManifest.xml:29:9-30:54
131            android:name="com.dieam.reactnativepushnotification.notification_color"
131-->src/main/AndroidManifest.xml:29:21-92
132            android:resource="@color/white" /> <!-- or @android:color/{name} to use a standard color -->
132-->src/main/AndroidManifest.xml:30:21-52
133        <receiver android:name="com.dieam.reactnativepushnotification.modules.RNPushNotificationActions" />
133-->src/main/AndroidManifest.xml:32:9-108
133-->src/main/AndroidManifest.xml:32:19-105
134        <receiver android:name="com.dieam.reactnativepushnotification.modules.RNPushNotificationPublisher" />
134-->src/main/AndroidManifest.xml:33:9-110
134-->src/main/AndroidManifest.xml:33:19-107
135        <receiver
135-->src/main/AndroidManifest.xml:34:9-40:20
136            android:name="com.dieam.reactnativepushnotification.modules.RNPushNotificationBootEventReceiver"
136-->src/main/AndroidManifest.xml:34:43-139
137            android:exported="true" >
137-->src/main/AndroidManifest.xml:34:19-42
138            <intent-filter>
138-->src/main/AndroidManifest.xml:35:13-39:29
139                <action android:name="android.intent.action.BOOT_COMPLETED" />
139-->src/main/AndroidManifest.xml:36:17-79
139-->src/main/AndroidManifest.xml:36:25-76
140                <action android:name="android.intent.action.QUICKBOOT_POWERON" />
140-->src/main/AndroidManifest.xml:37:17-82
140-->src/main/AndroidManifest.xml:37:25-79
141                <action android:name="com.htc.intent.action.QUICKBOOT_POWERON" />
141-->src/main/AndroidManifest.xml:38:17-81
141-->src/main/AndroidManifest.xml:38:25-79
142            </intent-filter>
143        </receiver>
144
145        <service
145-->src/main/AndroidManifest.xml:42:9-48:19
146            android:name="com.dieam.reactnativepushnotification.modules.RNPushNotificationListenerService"
146-->src/main/AndroidManifest.xml:43:13-107
147            android:exported="true" >
147-->src/main/AndroidManifest.xml:44:13-36
148            <intent-filter>
148-->src/main/AndroidManifest.xml:45:13-47:29
149                <action android:name="com.google.firebase.MESSAGING_EVENT" />
149-->src/main/AndroidManifest.xml:46:17-78
149-->src/main/AndroidManifest.xml:46:25-75
150            </intent-filter>
151        </service>
152
153        <meta-data
153-->src/main/AndroidManifest.xml:49:7-51:63
154            android:name="com.google.android.geo.API_KEY"
154-->src/main/AndroidManifest.xml:50:6-51
155            android:value="AIzaSyBcKgyA7urR7gHyen79h40UlkvTJJoKc9I" />
155-->src/main/AndroidManifest.xml:51:6-61
156
157        <activity
157-->src/main/AndroidManifest.xml:52:7-63:18
158            android:name="com.udia.customers.MainActivity"
158-->src/main/AndroidManifest.xml:53:9-37
159            android:configChanges="keyboard|keyboardHidden|orientation|screenLayout|screenSize|smallestScreenSize|uiMode"
159-->src/main/AndroidManifest.xml:55:9-118
160            android:exported="true"
160-->src/main/AndroidManifest.xml:58:9-32
161            android:label="@string/app_name"
161-->src/main/AndroidManifest.xml:54:9-41
162            android:launchMode="singleTask"
162-->src/main/AndroidManifest.xml:56:9-40
163            android:windowSoftInputMode="adjustResize" >
163-->src/main/AndroidManifest.xml:57:9-51
164            <intent-filter>
164-->src/main/AndroidManifest.xml:59:9-62:25
165                <action android:name="android.intent.action.MAIN" />
165-->src/main/AndroidManifest.xml:60:13-65
165-->src/main/AndroidManifest.xml:60:21-62
166
167                <category android:name="android.intent.category.LAUNCHER" />
167-->src/main/AndroidManifest.xml:61:13-73
167-->src/main/AndroidManifest.xml:61:23-70
168            </intent-filter>
169        </activity>
170
171        <provider
171-->[:notifee_react-native] AndroidManifest.xml:8:9-12:40
172            android:name="io.invertase.notifee.NotifeeInitProvider"
172-->[:notifee_react-native] AndroidManifest.xml:9:13-68
173            android:authorities="com.udia.customers.notifee-init-provider"
173-->[:notifee_react-native] AndroidManifest.xml:10:13-73
174            android:exported="false"
174-->[:notifee_react-native] AndroidManifest.xml:11:13-37
175            android:initOrder="-100" />
175-->[:notifee_react-native] AndroidManifest.xml:12:13-37
176
177        <service
177-->[:react-native-firebase_messaging] AndroidManifest.xml:12:9-14:40
178            android:name="io.invertase.firebase.messaging.ReactNativeFirebaseMessagingHeadlessService"
178-->[:react-native-firebase_messaging] AndroidManifest.xml:13:13-103
179            android:exported="false" />
179-->[:react-native-firebase_messaging] AndroidManifest.xml:14:13-37
180        <service
180-->[:react-native-firebase_messaging] AndroidManifest.xml:15:9-21:19
181            android:name="io.invertase.firebase.messaging.ReactNativeFirebaseMessagingService"
181-->[:react-native-firebase_messaging] AndroidManifest.xml:16:13-95
182            android:exported="false" >
182-->[:react-native-firebase_messaging] AndroidManifest.xml:17:13-37
183            <intent-filter>
183-->src/main/AndroidManifest.xml:45:13-47:29
184                <action android:name="com.google.firebase.MESSAGING_EVENT" />
184-->src/main/AndroidManifest.xml:46:17-78
184-->src/main/AndroidManifest.xml:46:25-75
185            </intent-filter>
186        </service>
187
188        <receiver
188-->[:react-native-firebase_messaging] AndroidManifest.xml:23:9-30:20
189            android:name="io.invertase.firebase.messaging.ReactNativeFirebaseMessagingReceiver"
189-->[:react-native-firebase_messaging] AndroidManifest.xml:24:13-96
190            android:exported="true"
190-->[:react-native-firebase_messaging] AndroidManifest.xml:25:13-36
191            android:permission="com.google.android.c2dm.permission.SEND" >
191-->[:react-native-firebase_messaging] AndroidManifest.xml:26:13-73
192            <intent-filter>
192-->[:react-native-firebase_messaging] AndroidManifest.xml:27:13-29:29
193                <action android:name="com.google.android.c2dm.intent.RECEIVE" />
193-->[:react-native-firebase_messaging] AndroidManifest.xml:28:17-81
193-->[:react-native-firebase_messaging] AndroidManifest.xml:28:25-78
194            </intent-filter>
195        </receiver>
196
197        <meta-data
197-->[:react-native-firebase_messaging] AndroidManifest.xml:32:9-34:36
198            android:name="firebase_messaging_auto_init_enabled"
198-->[:react-native-firebase_messaging] AndroidManifest.xml:33:13-64
199            android:value="true" />
199-->[:react-native-firebase_messaging] AndroidManifest.xml:34:13-33
200        <meta-data
200-->[:react-native-firebase_messaging] AndroidManifest.xml:35:9-37:32
201            android:name="com.google.firebase.messaging.default_notification_channel_id"
201-->[:react-native-firebase_messaging] AndroidManifest.xml:36:13-89
202            android:value="" />
202-->[:react-native-firebase_messaging] AndroidManifest.xml:37:13-29
203        <meta-data
203-->[:react-native-firebase_messaging] AndroidManifest.xml:38:9-40:47
204            android:name="com.google.firebase.messaging.default_notification_color"
204-->[:react-native-firebase_messaging] AndroidManifest.xml:39:13-84
205            android:resource="@color/white" />
205-->[:react-native-firebase_messaging] AndroidManifest.xml:40:13-44
206        <meta-data
206-->[:react-native-firebase_app] AndroidManifest.xml:9:9-11:36
207            android:name="app_data_collection_default_enabled"
207-->[:react-native-firebase_app] AndroidManifest.xml:10:13-63
208            android:value="true" />
208-->[:react-native-firebase_app] AndroidManifest.xml:11:13-33
209
210        <service
210-->[:react-native-firebase_app] AndroidManifest.xml:13:9-21:19
211            android:name="com.google.firebase.components.ComponentDiscoveryService"
211-->[:react-native-firebase_app] AndroidManifest.xml:14:13-84
212            android:directBootAware="true"
212-->[:react-native-firebase_app] AndroidManifest.xml:15:13-43
213            android:exported="false" >
213-->[:react-native-firebase_app] AndroidManifest.xml:16:13-37
214            <meta-data
214-->[:react-native-firebase_app] AndroidManifest.xml:18:13-20:85
215                android:name="com.google.firebase.components:io.invertase.firebase.app.ReactNativeFirebaseAppRegistrar"
215-->[:react-native-firebase_app] AndroidManifest.xml:19:17-120
216                android:value="com.google.firebase.components.ComponentRegistrar" />
216-->[:react-native-firebase_app] AndroidManifest.xml:20:17-82
217            <meta-data
217-->[com.google.firebase:firebase-messaging:24.0.0] AndroidManifest.xml:57:13-59:85
218                android:name="com.google.firebase.components:com.google.firebase.messaging.FirebaseMessagingKtxRegistrar"
218-->[com.google.firebase:firebase-messaging:24.0.0] AndroidManifest.xml:58:17-122
219                android:value="com.google.firebase.components.ComponentRegistrar" />
219-->[com.google.firebase:firebase-messaging:24.0.0] AndroidManifest.xml:59:17-82
220            <meta-data
220-->[com.google.firebase:firebase-messaging:24.0.0] AndroidManifest.xml:60:13-62:85
221                android:name="com.google.firebase.components:com.google.firebase.messaging.FirebaseMessagingRegistrar"
221-->[com.google.firebase:firebase-messaging:24.0.0] AndroidManifest.xml:61:17-119
222                android:value="com.google.firebase.components.ComponentRegistrar" />
222-->[com.google.firebase:firebase-messaging:24.0.0] AndroidManifest.xml:62:17-82
223            <meta-data
223-->[com.google.firebase:firebase-database:21.0.0] AndroidManifest.xml:29:13-31:85
224                android:name="com.google.firebase.components:com.google.firebase.database.FirebaseDatabaseKtxRegistrar"
224-->[com.google.firebase:firebase-database:21.0.0] AndroidManifest.xml:30:17-120
225                android:value="com.google.firebase.components.ComponentRegistrar" />
225-->[com.google.firebase:firebase-database:21.0.0] AndroidManifest.xml:31:17-82
226            <meta-data
226-->[com.google.firebase:firebase-database:21.0.0] AndroidManifest.xml:32:13-34:85
227                android:name="com.google.firebase.components:com.google.firebase.database.DatabaseRegistrar"
227-->[com.google.firebase:firebase-database:21.0.0] AndroidManifest.xml:33:17-109
228                android:value="com.google.firebase.components.ComponentRegistrar" />
228-->[com.google.firebase:firebase-database:21.0.0] AndroidManifest.xml:34:17-82
229            <meta-data
229-->[com.google.android.gms:play-services-measurement-api:22.0.1] AndroidManifest.xml:37:13-39:85
230                android:name="com.google.firebase.components:com.google.firebase.analytics.connector.internal.AnalyticsConnectorRegistrar"
230-->[com.google.android.gms:play-services-measurement-api:22.0.1] AndroidManifest.xml:38:17-139
231                android:value="com.google.firebase.components.ComponentRegistrar" />
231-->[com.google.android.gms:play-services-measurement-api:22.0.1] AndroidManifest.xml:39:17-82
232            <meta-data
232-->[com.google.firebase:firebase-installations:18.0.0] AndroidManifest.xml:15:13-17:85
233                android:name="com.google.firebase.components:com.google.firebase.installations.FirebaseInstallationsKtxRegistrar"
233-->[com.google.firebase:firebase-installations:18.0.0] AndroidManifest.xml:16:17-130
234                android:value="com.google.firebase.components.ComponentRegistrar" />
234-->[com.google.firebase:firebase-installations:18.0.0] AndroidManifest.xml:17:17-82
235            <meta-data
235-->[com.google.firebase:firebase-installations:18.0.0] AndroidManifest.xml:18:13-20:85
236                android:name="com.google.firebase.components:com.google.firebase.installations.FirebaseInstallationsRegistrar"
236-->[com.google.firebase:firebase-installations:18.0.0] AndroidManifest.xml:19:17-127
237                android:value="com.google.firebase.components.ComponentRegistrar" />
237-->[com.google.firebase:firebase-installations:18.0.0] AndroidManifest.xml:20:17-82
238            <meta-data
238-->[com.google.firebase:firebase-common-ktx:21.0.0] AndroidManifest.xml:12:13-14:85
239                android:name="com.google.firebase.components:com.google.firebase.ktx.FirebaseCommonLegacyRegistrar"
239-->[com.google.firebase:firebase-common-ktx:21.0.0] AndroidManifest.xml:13:17-116
240                android:value="com.google.firebase.components.ComponentRegistrar" />
240-->[com.google.firebase:firebase-common-ktx:21.0.0] AndroidManifest.xml:14:17-82
241            <meta-data
241-->[com.google.firebase:firebase-common:21.0.0] AndroidManifest.xml:35:13-37:85
242                android:name="com.google.firebase.components:com.google.firebase.FirebaseCommonKtxRegistrar"
242-->[com.google.firebase:firebase-common:21.0.0] AndroidManifest.xml:36:17-109
243                android:value="com.google.firebase.components.ComponentRegistrar" />
243-->[com.google.firebase:firebase-common:21.0.0] AndroidManifest.xml:37:17-82
244            <meta-data
244-->[com.google.firebase:firebase-datatransport:18.2.0] AndroidManifest.xml:25:13-27:85
245                android:name="com.google.firebase.components:com.google.firebase.datatransport.TransportRegistrar"
245-->[com.google.firebase:firebase-datatransport:18.2.0] AndroidManifest.xml:26:17-115
246                android:value="com.google.firebase.components.ComponentRegistrar" />
246-->[com.google.firebase:firebase-datatransport:18.2.0] AndroidManifest.xml:27:17-82
247        </service>
248
249        <provider
249-->[:react-native-firebase_app] AndroidManifest.xml:23:9-27:38
250            android:name="io.invertase.firebase.app.ReactNativeFirebaseAppInitProvider"